CRITICAL - 2023-06-01 01:52:41 --> Call to undefined function form_close()
in APPPATH\Views\agregarProducto.php on line 30.
 1 SYSTEMPATH\View\View.php(213): include()
 2 SYSTEMPATH\View\View.php(216): CodeIgniter\View\View->CodeIgniter\View\{closure}()
 3 SYSTEMPATH\Common.php(1184): CodeIgniter\View\View->render('agregarProducto', [], true)
 4 APPPATH\Controllers\ProductController.php(27): view('agregarProducto')
 5 SYSTEMPATH\CodeIgniter.php(934): App\Controllers\ProductController->agregarProducto()
 6 SYSTEMPATH\CodeIgniter.php(499): CodeIgniter\CodeIgniter->runController(Object(App\Controllers\ProductController))
 7 SYSTEMPATH\CodeIgniter.php(368): CodeIgniter\CodeIgniter->handleRequest(null, Object(Config\Cache), false)
 8 FCPATH\index.php(67): CodeIgniter\CodeIgniter->run()
CRITICAL - 2023-06-01 02:08:47 --> Undefined property: App\Controllers\ProductController::$input
in APPPATH\Controllers\ProductController.php on line 33.
 1 APPPATH\Controllers\ProductController.php(33): CodeIgniter\Debug\Exceptions->errorHandler(2, 'Undefined property: App\\Controllers\\ProductController::$input', 'C:\\xampp\\htdocs\\Yunes\\app\\Controllers\\ProductController.php', 33)
 2 SYSTEMPATH\CodeIgniter.php(934): App\Controllers\ProductController->guardar()
 3 SYSTEMPATH\CodeIgniter.php(499): CodeIgniter\CodeIgniter->runController(Object(App\Controllers\ProductController))
 4 SYSTEMPATH\CodeIgniter.php(368): CodeIgniter\CodeIgniter->handleRequest(null, Object(Config\Cache), false)
 5 FCPATH\index.php(67): CodeIgniter\CodeIgniter->run()
CRITICAL - 2023-06-01 02:14:22 --> Call to a member function isValid() on null
in APPPATH\Controllers\ProductController.php on line 40.
 1 SYSTEMPATH\CodeIgniter.php(934): App\Controllers\ProductController->guardar()
 2 SYSTEMPATH\CodeIgniter.php(499): CodeIgniter\CodeIgniter->runController(Object(App\Controllers\ProductController))
 3 SYSTEMPATH\CodeIgniter.php(368): CodeIgniter\CodeIgniter->handleRequest(null, Object(Config\Cache), false)
 4 FCPATH\index.php(67): CodeIgniter\CodeIgniter->run()
CRITICAL - 2023-06-01 02:14:25 --> Call to a member function isValid() on null
in APPPATH\Controllers\ProductController.php on line 40.
 1 SYSTEMPATH\CodeIgniter.php(934): App\Controllers\ProductController->guardar()
 2 SYSTEMPATH\CodeIgniter.php(499): CodeIgniter\CodeIgniter->runController(Object(App\Controllers\ProductController))
 3 SYSTEMPATH\CodeIgniter.php(368): CodeIgniter\CodeIgniter->handleRequest(null, Object(Config\Cache), false)
 4 FCPATH\index.php(67): CodeIgniter\CodeIgniter->run()
CRITICAL - 2023-06-01 02:14:48 --> Call to a member function getRandomName() on null
in APPPATH\Controllers\ProductController.php on line 43.
 1 SYSTEMPATH\CodeIgniter.php(934): App\Controllers\ProductController->guardar()
 2 SYSTEMPATH\CodeIgniter.php(499): CodeIgniter\CodeIgniter->runController(Object(App\Controllers\ProductController))
 3 SYSTEMPATH\CodeIgniter.php(368): CodeIgniter\CodeIgniter->handleRequest(null, Object(Config\Cache), false)
 4 FCPATH\index.php(67): CodeIgniter\CodeIgniter->run()
CRITICAL - 2023-06-01 02:16:00 --> Call to a member function getRandomName() on null
in APPPATH\Controllers\ProductController.php on line 43.
 1 SYSTEMPATH\CodeIgniter.php(934): App\Controllers\ProductController->guardar()
 2 SYSTEMPATH\CodeIgniter.php(499): CodeIgniter\CodeIgniter->runController(Object(App\Controllers\ProductController))
 3 SYSTEMPATH\CodeIgniter.php(368): CodeIgniter\CodeIgniter->handleRequest(null, Object(Config\Cache), false)
 4 FCPATH\index.php(67): CodeIgniter\CodeIgniter->run()
CRITICAL - 2023-06-01 02:16:59 --> Call to a member function getRandomName() on null
in APPPATH\Controllers\ProductController.php on line 43.
 1 SYSTEMPATH\CodeIgniter.php(934): App\Controllers\ProductController->guardar()
 2 SYSTEMPATH\CodeIgniter.php(499): CodeIgniter\CodeIgniter->runController(Object(App\Controllers\ProductController))
 3 SYSTEMPATH\CodeIgniter.php(368): CodeIgniter\CodeIgniter->handleRequest(null, Object(Config\Cache), false)
 4 FCPATH\index.php(67): CodeIgniter\CodeIgniter->run()
CRITICAL - 2023-06-01 02:17:34 --> Call to a member function getRandomName() on null
in APPPATH\Controllers\ProductController.php on line 43.
 1 SYSTEMPATH\CodeIgniter.php(934): App\Controllers\ProductController->guardar()
 2 SYSTEMPATH\CodeIgniter.php(499): CodeIgniter\CodeIgniter->runController(Object(App\Controllers\ProductController))
 3 SYSTEMPATH\CodeIgniter.php(368): CodeIgniter\CodeIgniter->handleRequest(null, Object(Config\Cache), false)
 4 FCPATH\index.php(67): CodeIgniter\CodeIgniter->run()
CRITICAL - 2023-06-01 02:28:13 --> Undefined variable $producto
in APPPATH\Views\listaProductosAdmin.php on line 40.
 1 APPPATH\Views\listaProductosAdmin.php(40): CodeIgniter\Debug\Exceptions->errorHandler(2, 'Undefined variable $producto', 'C:\\xampp\\htdocs\\Yunes\\app\\Views\\listaProductosAdmin.php', 40)
 2 SYSTEMPATH\View\View.php(213): include('C:\\xampp\\htdocs\\Yunes\\app\\Views\\listaProductosAdmin.php')
 3 SYSTEMPATH\View\View.php(216): CodeIgniter\View\View->CodeIgniter\View\{closure}()
 4 SYSTEMPATH\Common.php(1184): CodeIgniter\View\View->render('listaProductosAdmin', [], true)
 5 APPPATH\Controllers\ProductController.php(17): view('listaProductosAdmin', [...])
 6 SYSTEMPATH\CodeIgniter.php(934): App\Controllers\ProductController->index()
 7 SYSTEMPATH\CodeIgniter.php(499): CodeIgniter\CodeIgniter->runController(Object(App\Controllers\ProductController))
 8 SYSTEMPATH\CodeIgniter.php(368): CodeIgniter\CodeIgniter->handleRequest(null, Object(Config\Cache), false)
 9 FCPATH\index.php(67): CodeIgniter\CodeIgniter->run()
CRITICAL - 2023-06-01 02:28:20 --> Undefined array key "imagen"
in APPPATH\Views\listaProductosAdmin.php on line 40.
 1 APPPATH\Views\listaProductosAdmin.php(40): CodeIgniter\Debug\Exceptions->errorHandler(2, 'Undefined array key "imagen"', 'C:\\xampp\\htdocs\\Yunes\\app\\Views\\listaProductosAdmin.php', 40)
 2 SYSTEMPATH\View\View.php(213): include('C:\\xampp\\htdocs\\Yunes\\app\\Views\\listaProductosAdmin.php')
 3 SYSTEMPATH\View\View.php(216): CodeIgniter\View\View->CodeIgniter\View\{closure}()
 4 SYSTEMPATH\Common.php(1184): CodeIgniter\View\View->render('listaProductosAdmin', [], true)
 5 APPPATH\Controllers\ProductController.php(17): view('listaProductosAdmin', [...])
 6 SYSTEMPATH\CodeIgniter.php(934): App\Controllers\ProductController->index()
 7 SYSTEMPATH\CodeIgniter.php(499): CodeIgniter\CodeIgniter->runController(Object(App\Controllers\ProductController))
 8 SYSTEMPATH\CodeIgniter.php(368): CodeIgniter\CodeIgniter->handleRequest(null, Object(Config\Cache), false)
 9 FCPATH\index.php(67): CodeIgniter\CodeIgniter->run()
CRITICAL - 2023-06-01 02:34:41 --> Undefined array key "id_prod"
in APPPATH\Views\listaProductosAdmin.php on line 44.
 1 APPPATH\Views\listaProductosAdmin.php(44): CodeIgniter\Debug\Exceptions->errorHandler(2, 'Undefined array key "id_prod"', 'C:\\xampp\\htdocs\\Yunes\\app\\Views\\listaProductosAdmin.php', 44)
 2 SYSTEMPATH\View\View.php(213): include('C:\\xampp\\htdocs\\Yunes\\app\\Views\\listaProductosAdmin.php')
 3 SYSTEMPATH\View\View.php(216): CodeIgniter\View\View->CodeIgniter\View\{closure}()
 4 SYSTEMPATH\Common.php(1184): CodeIgniter\View\View->render('listaProductosAdmin', [], true)
 5 APPPATH\Controllers\ProductController.php(17): view('listaProductosAdmin', [...])
 6 SYSTEMPATH\CodeIgniter.php(934): App\Controllers\ProductController->index()
 7 SYSTEMPATH\CodeIgniter.php(499): CodeIgniter\CodeIgniter->runController(Object(App\Controllers\ProductController))
 8 SYSTEMPATH\CodeIgniter.php(368): CodeIgniter\CodeIgniter->handleRequest(null, Object(Config\Cache), false)
 9 FCPATH\index.php(67): CodeIgniter\CodeIgniter->run()
CRITICAL - 2023-06-01 03:03:46 --> view(): Argument #2 ($data) must be of type array, string given, called in C:\xampp\htdocs\Yunes\app\Controllers\ProductController.php on line 82
in SYSTEMPATH\Common.php on line 1172.
 1 APPPATH\Controllers\ProductController.php(82): view('editar_producto', '1')
 2 SYSTEMPATH\CodeIgniter.php(934): App\Controllers\ProductController->modificar('1')
 3 SYSTEMPATH\CodeIgniter.php(499): CodeIgniter\CodeIgniter->runController(Object(App\Controllers\ProductController))
 4 SYSTEMPATH\CodeIgniter.php(368): CodeIgniter\CodeIgniter->handleRequest(null, Object(Config\Cache), false)
 5 FCPATH\index.php(67): CodeIgniter\CodeIgniter->run()
CRITICAL - 2023-06-01 03:06:44 --> Undefined variable $id
in APPPATH\Views\editar_producto.php on line 11.
 1 APPPATH\Views\editar_producto.php(11): CodeIgniter\Debug\Exceptions->errorHandler(2, 'Undefined variable $id', 'C:\\xampp\\htdocs\\Yunes\\app\\Views\\editar_producto.php', 11)
 2 SYSTEMPATH\View\View.php(213): include('C:\\xampp\\htdocs\\Yunes\\app\\Views\\editar_producto.php')
 3 SYSTEMPATH\View\View.php(216): CodeIgniter\View\View->CodeIgniter\View\{closure}()
 4 SYSTEMPATH\Common.php(1184): CodeIgniter\View\View->render('editar_producto', [], true)
 5 APPPATH\Controllers\ProductController.php(86): view('editar_producto', [...])
 6 SYSTEMPATH\CodeIgniter.php(934): App\Controllers\ProductController->modificar('1')
 7 SYSTEMPATH\CodeIgniter.php(499): CodeIgniter\CodeIgniter->runController(Object(App\Controllers\ProductController))
 8 SYSTEMPATH\CodeIgniter.php(368): CodeIgniter\CodeIgniter->handleRequest(null, Object(Config\Cache), false)
 9 FCPATH\index.php(67): CodeIgniter\CodeIgniter->run()
CRITICAL - 2023-06-01 03:06:52 --> Undefined variable $id
in APPPATH\Views\editar_producto.php on line 11.
 1 APPPATH\Views\editar_producto.php(11): CodeIgniter\Debug\Exceptions->errorHandler(2, 'Undefined variable $id', 'C:\\xampp\\htdocs\\Yunes\\app\\Views\\editar_producto.php', 11)
 2 SYSTEMPATH\View\View.php(213): include('C:\\xampp\\htdocs\\Yunes\\app\\Views\\editar_producto.php')
 3 SYSTEMPATH\View\View.php(216): CodeIgniter\View\View->CodeIgniter\View\{closure}()
 4 SYSTEMPATH\Common.php(1184): CodeIgniter\View\View->render('editar_producto', [], true)
 5 APPPATH\Controllers\ProductController.php(86): view('editar_producto', [...])
 6 SYSTEMPATH\CodeIgniter.php(934): App\Controllers\ProductController->modificar('6')
 7 SYSTEMPATH\CodeIgniter.php(499): CodeIgniter\CodeIgniter->runController(Object(App\Controllers\ProductController))
 8 SYSTEMPATH\CodeIgniter.php(368): CodeIgniter\CodeIgniter->handleRequest(null, Object(Config\Cache), false)
 9 FCPATH\index.php(67): CodeIgniter\CodeIgniter->run()
CRITICAL - 2023-06-01 03:07:11 --> Undefined variable $datos
in APPPATH\Views\editar_producto.php on line 11.
 1 APPPATH\Views\editar_producto.php(11): CodeIgniter\Debug\Exceptions->errorHandler(2, 'Undefined variable $datos', 'C:\\xampp\\htdocs\\Yunes\\app\\Views\\editar_producto.php', 11)
 2 SYSTEMPATH\View\View.php(213): include('C:\\xampp\\htdocs\\Yunes\\app\\Views\\editar_producto.php')
 3 SYSTEMPATH\View\View.php(216): CodeIgniter\View\View->CodeIgniter\View\{closure}()
 4 SYSTEMPATH\Common.php(1184): CodeIgniter\View\View->render('editar_producto', [], true)
 5 APPPATH\Controllers\ProductController.php(86): view('editar_producto', [...])
 6 SYSTEMPATH\CodeIgniter.php(934): App\Controllers\ProductController->modificar('6')
 7 SYSTEMPATH\CodeIgniter.php(499): CodeIgniter\CodeIgniter->runController(Object(App\Controllers\ProductController))
 8 SYSTEMPATH\CodeIgniter.php(368): CodeIgniter\CodeIgniter->handleRequest(null, Object(Config\Cache), false)
 9 FCPATH\index.php(67): CodeIgniter\CodeIgniter->run()
CRITICAL - 2023-06-01 03:07:18 --> Undefined variable $datos
in APPPATH\Views\editar_producto.php on line 11.
 1 APPPATH\Views\editar_producto.php(11): CodeIgniter\Debug\Exceptions->errorHandler(2, 'Undefined variable $datos', 'C:\\xampp\\htdocs\\Yunes\\app\\Views\\editar_producto.php', 11)
 2 SYSTEMPATH\View\View.php(213): include('C:\\xampp\\htdocs\\Yunes\\app\\Views\\editar_producto.php')
 3 SYSTEMPATH\View\View.php(216): CodeIgniter\View\View->CodeIgniter\View\{closure}()
 4 SYSTEMPATH\Common.php(1184): CodeIgniter\View\View->render('editar_producto', [], true)
 5 APPPATH\Controllers\ProductController.php(86): view('editar_producto', [...])
 6 SYSTEMPATH\CodeIgniter.php(934): App\Controllers\ProductController->modificar('8')
 7 SYSTEMPATH\CodeIgniter.php(499): CodeIgniter\CodeIgniter->runController(Object(App\Controllers\ProductController))
 8 SYSTEMPATH\CodeIgniter.php(368): CodeIgniter\CodeIgniter->handleRequest(null, Object(Config\Cache), false)
 9 FCPATH\index.php(67): CodeIgniter\CodeIgniter->run()
CRITICAL - 2023-06-01 03:09:23 --> Undefined variable $datos
in APPPATH\Views\editar_producto.php on line 11.
 1 APPPATH\Views\editar_producto.php(11): CodeIgniter\Debug\Exceptions->errorHandler(2, 'Undefined variable $datos', 'C:\\xampp\\htdocs\\Yunes\\app\\Views\\editar_producto.php', 11)
 2 SYSTEMPATH\View\View.php(213): include('C:\\xampp\\htdocs\\Yunes\\app\\Views\\editar_producto.php')
 3 SYSTEMPATH\View\View.php(216): CodeIgniter\View\View->CodeIgniter\View\{closure}()
 4 SYSTEMPATH\Common.php(1184): CodeIgniter\View\View->render('editar_producto', [], true)
 5 APPPATH\Controllers\ProductController.php(86): view('editar_producto', [...])
 6 SYSTEMPATH\CodeIgniter.php(934): App\Controllers\ProductController->modificar('8')
 7 SYSTEMPATH\CodeIgniter.php(499): CodeIgniter\CodeIgniter->runController(Object(App\Controllers\ProductController))
 8 SYSTEMPATH\CodeIgniter.php(368): CodeIgniter\CodeIgniter->handleRequest(null, Object(Config\Cache), false)
 9 FCPATH\index.php(67): CodeIgniter\CodeIgniter->run()
CRITICAL - 2023-06-01 03:09:30 --> Undefined variable $id
in APPPATH\Views\editar_producto.php on line 11.
 1 APPPATH\Views\editar_producto.php(11): CodeIgniter\Debug\Exceptions->errorHandler(2, 'Undefined variable $id', 'C:\\xampp\\htdocs\\Yunes\\app\\Views\\editar_producto.php', 11)
 2 SYSTEMPATH\View\View.php(213): include('C:\\xampp\\htdocs\\Yunes\\app\\Views\\editar_producto.php')
 3 SYSTEMPATH\View\View.php(216): CodeIgniter\View\View->CodeIgniter\View\{closure}()
 4 SYSTEMPATH\Common.php(1184): CodeIgniter\View\View->render('editar_producto', [], true)
 5 APPPATH\Controllers\ProductController.php(86): view('editar_producto', [...])
 6 SYSTEMPATH\CodeIgniter.php(934): App\Controllers\ProductController->modificar('8')
 7 SYSTEMPATH\CodeIgniter.php(499): CodeIgniter\CodeIgniter->runController(Object(App\Controllers\ProductController))
 8 SYSTEMPATH\CodeIgniter.php(368): CodeIgniter\CodeIgniter->handleRequest(null, Object(Config\Cache), false)
 9 FCPATH\index.php(67): CodeIgniter\CodeIgniter->run()
CRITICAL - 2023-06-01 03:12:01 --> Undefined variable $datos
in APPPATH\Views\editar_producto.php on line 11.
 1 APPPATH\Views\editar_producto.php(11): CodeIgniter\Debug\Exceptions->errorHandler(2, 'Undefined variable $datos', 'C:\\xampp\\htdocs\\Yunes\\app\\Views\\editar_producto.php', 11)
 2 SYSTEMPATH\View\View.php(213): include('C:\\xampp\\htdocs\\Yunes\\app\\Views\\editar_producto.php')
 3 SYSTEMPATH\View\View.php(216): CodeIgniter\View\View->CodeIgniter\View\{closure}()
 4 SYSTEMPATH\Common.php(1184): CodeIgniter\View\View->render('editar_producto', [], true)
 5 APPPATH\Controllers\ProductController.php(86): view('editar_producto', [...])
 6 SYSTEMPATH\CodeIgniter.php(934): App\Controllers\ProductController->modificar()
 7 SYSTEMPATH\CodeIgniter.php(499): CodeIgniter\CodeIgniter->runController(Object(App\Controllers\ProductController))
 8 SYSTEMPATH\CodeIgniter.php(368): CodeIgniter\CodeIgniter->handleRequest(null, Object(Config\Cache), false)
 9 FCPATH\index.php(67): CodeIgniter\CodeIgniter->run()
CRITICAL - 2023-06-01 03:12:05 --> Undefined variable $datos
in APPPATH\Views\editar_producto.php on line 11.
 1 APPPATH\Views\editar_producto.php(11): CodeIgniter\Debug\Exceptions->errorHandler(2, 'Undefined variable $datos', 'C:\\xampp\\htdocs\\Yunes\\app\\Views\\editar_producto.php', 11)
 2 SYSTEMPATH\View\View.php(213): include('C:\\xampp\\htdocs\\Yunes\\app\\Views\\editar_producto.php')
 3 SYSTEMPATH\View\View.php(216): CodeIgniter\View\View->CodeIgniter\View\{closure}()
 4 SYSTEMPATH\Common.php(1184): CodeIgniter\View\View->render('editar_producto', [], true)
 5 APPPATH\Controllers\ProductController.php(86): view('editar_producto', [...])
 6 SYSTEMPATH\CodeIgniter.php(934): App\Controllers\ProductController->modificar()
 7 SYSTEMPATH\CodeIgniter.php(499): CodeIgniter\CodeIgniter->runController(Object(App\Controllers\ProductController))
 8 SYSTEMPATH\CodeIgniter.php(368): CodeIgniter\CodeIgniter->handleRequest(null, Object(Config\Cache), false)
 9 FCPATH\index.php(67): CodeIgniter\CodeIgniter->run()
CRITICAL - 2023-06-01 03:12:06 --> Undefined variable $datos
in APPPATH\Views\editar_producto.php on line 11.
 1 APPPATH\Views\editar_producto.php(11): CodeIgniter\Debug\Exceptions->errorHandler(2, 'Undefined variable $datos', 'C:\\xampp\\htdocs\\Yunes\\app\\Views\\editar_producto.php', 11)
 2 SYSTEMPATH\View\View.php(213): include('C:\\xampp\\htdocs\\Yunes\\app\\Views\\editar_producto.php')
 3 SYSTEMPATH\View\View.php(216): CodeIgniter\View\View->CodeIgniter\View\{closure}()
 4 SYSTEMPATH\Common.php(1184): CodeIgniter\View\View->render('editar_producto', [], true)
 5 APPPATH\Controllers\ProductController.php(86): view('editar_producto', [...])
 6 SYSTEMPATH\CodeIgniter.php(934): App\Controllers\ProductController->modificar()
 7 SYSTEMPATH\CodeIgniter.php(499): CodeIgniter\CodeIgniter->runController(Object(App\Controllers\ProductController))
 8 SYSTEMPATH\CodeIgniter.php(368): CodeIgniter\CodeIgniter->handleRequest(null, Object(Config\Cache), false)
 9 FCPATH\index.php(67): CodeIgniter\CodeIgniter->run()
CRITICAL - 2023-06-01 03:12:06 --> Undefined variable $datos
in APPPATH\Views\editar_producto.php on line 11.
 1 APPPATH\Views\editar_producto.php(11): CodeIgniter\Debug\Exceptions->errorHandler(2, 'Undefined variable $datos', 'C:\\xampp\\htdocs\\Yunes\\app\\Views\\editar_producto.php', 11)
 2 SYSTEMPATH\View\View.php(213): include('C:\\xampp\\htdocs\\Yunes\\app\\Views\\editar_producto.php')
 3 SYSTEMPATH\View\View.php(216): CodeIgniter\View\View->CodeIgniter\View\{closure}()
 4 SYSTEMPATH\Common.php(1184): CodeIgniter\View\View->render('editar_producto', [], true)
 5 APPPATH\Controllers\ProductController.php(86): view('editar_producto', [...])
 6 SYSTEMPATH\CodeIgniter.php(934): App\Controllers\ProductController->modificar()
 7 SYSTEMPATH\CodeIgniter.php(499): CodeIgniter\CodeIgniter->runController(Object(App\Controllers\ProductController))
 8 SYSTEMPATH\CodeIgniter.php(368): CodeIgniter\CodeIgniter->handleRequest(null, Object(Config\Cache), false)
 9 FCPATH\index.php(67): CodeIgniter\CodeIgniter->run()
CRITICAL - 2023-06-01 03:12:07 --> Undefined variable $datos
in APPPATH\Views\editar_producto.php on line 11.
 1 APPPATH\Views\editar_producto.php(11): CodeIgniter\Debug\Exceptions->errorHandler(2, 'Undefined variable $datos', 'C:\\xampp\\htdocs\\Yunes\\app\\Views\\editar_producto.php', 11)
 2 SYSTEMPATH\View\View.php(213): include('C:\\xampp\\htdocs\\Yunes\\app\\Views\\editar_producto.php')
 3 SYSTEMPATH\View\View.php(216): CodeIgniter\View\View->CodeIgniter\View\{closure}()
 4 SYSTEMPATH\Common.php(1184): CodeIgniter\View\View->render('editar_producto', [], true)
 5 APPPATH\Controllers\ProductController.php(86): view('editar_producto', [...])
 6 SYSTEMPATH\CodeIgniter.php(934): App\Controllers\ProductController->modificar()
 7 SYSTEMPATH\CodeIgniter.php(499): CodeIgniter\CodeIgniter->runController(Object(App\Controllers\ProductController))
 8 SYSTEMPATH\CodeIgniter.php(368): CodeIgniter\CodeIgniter->handleRequest(null, Object(Config\Cache), false)
 9 FCPATH\index.php(67): CodeIgniter\CodeIgniter->run()
CRITICAL - 2023-06-01 03:12:07 --> Undefined variable $datos
in APPPATH\Views\editar_producto.php on line 11.
 1 APPPATH\Views\editar_producto.php(11): CodeIgniter\Debug\Exceptions->errorHandler(2, 'Undefined variable $datos', 'C:\\xampp\\htdocs\\Yunes\\app\\Views\\editar_producto.php', 11)
 2 SYSTEMPATH\View\View.php(213): include('C:\\xampp\\htdocs\\Yunes\\app\\Views\\editar_producto.php')
 3 SYSTEMPATH\View\View.php(216): CodeIgniter\View\View->CodeIgniter\View\{closure}()
 4 SYSTEMPATH\Common.php(1184): CodeIgniter\View\View->render('editar_producto', [], true)
 5 APPPATH\Controllers\ProductController.php(86): view('editar_producto', [...])
 6 SYSTEMPATH\CodeIgniter.php(934): App\Controllers\ProductController->modificar()
 7 SYSTEMPATH\CodeIgniter.php(499): CodeIgniter\CodeIgniter->runController(Object(App\Controllers\ProductController))
 8 SYSTEMPATH\CodeIgniter.php(368): CodeIgniter\CodeIgniter->handleRequest(null, Object(Config\Cache), false)
 9 FCPATH\index.php(67): CodeIgniter\CodeIgniter->run()
CRITICAL - 2023-06-01 03:12:07 --> Undefined variable $datos
in APPPATH\Views\editar_producto.php on line 11.
 1 APPPATH\Views\editar_producto.php(11): CodeIgniter\Debug\Exceptions->errorHandler(2, 'Undefined variable $datos', 'C:\\xampp\\htdocs\\Yunes\\app\\Views\\editar_producto.php', 11)
 2 SYSTEMPATH\View\View.php(213): include('C:\\xampp\\htdocs\\Yunes\\app\\Views\\editar_producto.php')
 3 SYSTEMPATH\View\View.php(216): CodeIgniter\View\View->CodeIgniter\View\{closure}()
 4 SYSTEMPATH\Common.php(1184): CodeIgniter\View\View->render('editar_producto', [], true)
 5 APPPATH\Controllers\ProductController.php(86): view('editar_producto', [...])
 6 SYSTEMPATH\CodeIgniter.php(934): App\Controllers\ProductController->modificar()
 7 SYSTEMPATH\CodeIgniter.php(499): CodeIgniter\CodeIgniter->runController(Object(App\Controllers\ProductController))
 8 SYSTEMPATH\CodeIgniter.php(368): CodeIgniter\CodeIgniter->handleRequest(null, Object(Config\Cache), false)
 9 FCPATH\index.php(67): CodeIgniter\CodeIgniter->run()
CRITICAL - 2023-06-01 03:12:07 --> Undefined variable $datos
in APPPATH\Views\editar_producto.php on line 11.
 1 APPPATH\Views\editar_producto.php(11): CodeIgniter\Debug\Exceptions->errorHandler(2, 'Undefined variable $datos', 'C:\\xampp\\htdocs\\Yunes\\app\\Views\\editar_producto.php', 11)
 2 SYSTEMPATH\View\View.php(213): include('C:\\xampp\\htdocs\\Yunes\\app\\Views\\editar_producto.php')
 3 SYSTEMPATH\View\View.php(216): CodeIgniter\View\View->CodeIgniter\View\{closure}()
 4 SYSTEMPATH\Common.php(1184): CodeIgniter\View\View->render('editar_producto', [], true)
 5 APPPATH\Controllers\ProductController.php(86): view('editar_producto', [...])
 6 SYSTEMPATH\CodeIgniter.php(934): App\Controllers\ProductController->modificar()
 7 SYSTEMPATH\CodeIgniter.php(499): CodeIgniter\CodeIgniter->runController(Object(App\Controllers\ProductController))
 8 SYSTEMPATH\CodeIgniter.php(368): CodeIgniter\CodeIgniter->handleRequest(null, Object(Config\Cache), false)
 9 FCPATH\index.php(67): CodeIgniter\CodeIgniter->run()
CRITICAL - 2023-06-01 03:12:07 --> Undefined variable $datos
in APPPATH\Views\editar_producto.php on line 11.
 1 APPPATH\Views\editar_producto.php(11): CodeIgniter\Debug\Exceptions->errorHandler(2, 'Undefined variable $datos', 'C:\\xampp\\htdocs\\Yunes\\app\\Views\\editar_producto.php', 11)
 2 SYSTEMPATH\View\View.php(213): include('C:\\xampp\\htdocs\\Yunes\\app\\Views\\editar_producto.php')
 3 SYSTEMPATH\View\View.php(216): CodeIgniter\View\View->CodeIgniter\View\{closure}()
 4 SYSTEMPATH\Common.php(1184): CodeIgniter\View\View->render('editar_producto', [], true)
 5 APPPATH\Controllers\ProductController.php(86): view('editar_producto', [...])
 6 SYSTEMPATH\CodeIgniter.php(934): App\Controllers\ProductController->modificar()
 7 SYSTEMPATH\CodeIgniter.php(499): CodeIgniter\CodeIgniter->runController(Object(App\Controllers\ProductController))
 8 SYSTEMPATH\CodeIgniter.php(368): CodeIgniter\CodeIgniter->handleRequest(null, Object(Config\Cache), false)
 9 FCPATH\index.php(67): CodeIgniter\CodeIgniter->run()
CRITICAL - 2023-06-01 03:12:07 --> Undefined variable $datos
in APPPATH\Views\editar_producto.php on line 11.
 1 APPPATH\Views\editar_producto.php(11): CodeIgniter\Debug\Exceptions->errorHandler(2, 'Undefined variable $datos', 'C:\\xampp\\htdocs\\Yunes\\app\\Views\\editar_producto.php', 11)
 2 SYSTEMPATH\View\View.php(213): include('C:\\xampp\\htdocs\\Yunes\\app\\Views\\editar_producto.php')
 3 SYSTEMPATH\View\View.php(216): CodeIgniter\View\View->CodeIgniter\View\{closure}()
 4 SYSTEMPATH\Common.php(1184): CodeIgniter\View\View->render('editar_producto', [], true)
 5 APPPATH\Controllers\ProductController.php(86): view('editar_producto', [...])
 6 SYSTEMPATH\CodeIgniter.php(934): App\Controllers\ProductController->modificar()
 7 SYSTEMPATH\CodeIgniter.php(499): CodeIgniter\CodeIgniter->runController(Object(App\Controllers\ProductController))
 8 SYSTEMPATH\CodeIgniter.php(368): CodeIgniter\CodeIgniter->handleRequest(null, Object(Config\Cache), false)
 9 FCPATH\index.php(67): CodeIgniter\CodeIgniter->run()
CRITICAL - 2023-06-01 03:12:07 --> Undefined variable $datos
in APPPATH\Views\editar_producto.php on line 11.
 1 APPPATH\Views\editar_producto.php(11): CodeIgniter\Debug\Exceptions->errorHandler(2, 'Undefined variable $datos', 'C:\\xampp\\htdocs\\Yunes\\app\\Views\\editar_producto.php', 11)
 2 SYSTEMPATH\View\View.php(213): include('C:\\xampp\\htdocs\\Yunes\\app\\Views\\editar_producto.php')
 3 SYSTEMPATH\View\View.php(216): CodeIgniter\View\View->CodeIgniter\View\{closure}()
 4 SYSTEMPATH\Common.php(1184): CodeIgniter\View\View->render('editar_producto', [], true)
 5 APPPATH\Controllers\ProductController.php(86): view('editar_producto', [...])
 6 SYSTEMPATH\CodeIgniter.php(934): App\Controllers\ProductController->modificar()
 7 SYSTEMPATH\CodeIgniter.php(499): CodeIgniter\CodeIgniter->runController(Object(App\Controllers\ProductController))
 8 SYSTEMPATH\CodeIgniter.php(368): CodeIgniter\CodeIgniter->handleRequest(null, Object(Config\Cache), false)
 9 FCPATH\index.php(67): CodeIgniter\CodeIgniter->run()
CRITICAL - 2023-06-01 03:12:07 --> Undefined variable $datos
in APPPATH\Views\editar_producto.php on line 11.
 1 APPPATH\Views\editar_producto.php(11): CodeIgniter\Debug\Exceptions->errorHandler(2, 'Undefined variable $datos', 'C:\\xampp\\htdocs\\Yunes\\app\\Views\\editar_producto.php', 11)
 2 SYSTEMPATH\View\View.php(213): include('C:\\xampp\\htdocs\\Yunes\\app\\Views\\editar_producto.php')
 3 SYSTEMPATH\View\View.php(216): CodeIgniter\View\View->CodeIgniter\View\{closure}()
 4 SYSTEMPATH\Common.php(1184): CodeIgniter\View\View->render('editar_producto', [], true)
 5 APPPATH\Controllers\ProductController.php(86): view('editar_producto', [...])
 6 SYSTEMPATH\CodeIgniter.php(934): App\Controllers\ProductController->modificar()
 7 SYSTEMPATH\CodeIgniter.php(499): CodeIgniter\CodeIgniter->runController(Object(App\Controllers\ProductController))
 8 SYSTEMPATH\CodeIgniter.php(368): CodeIgniter\CodeIgniter->handleRequest(null, Object(Config\Cache), false)
 9 FCPATH\index.php(67): CodeIgniter\CodeIgniter->run()
CRITICAL - 2023-06-01 03:12:08 --> Undefined variable $datos
in APPPATH\Views\editar_producto.php on line 11.
 1 APPPATH\Views\editar_producto.php(11): CodeIgniter\Debug\Exceptions->errorHandler(2, 'Undefined variable $datos', 'C:\\xampp\\htdocs\\Yunes\\app\\Views\\editar_producto.php', 11)
 2 SYSTEMPATH\View\View.php(213): include('C:\\xampp\\htdocs\\Yunes\\app\\Views\\editar_producto.php')
 3 SYSTEMPATH\View\View.php(216): CodeIgniter\View\View->CodeIgniter\View\{closure}()
 4 SYSTEMPATH\Common.php(1184): CodeIgniter\View\View->render('editar_producto', [], true)
 5 APPPATH\Controllers\ProductController.php(86): view('editar_producto', [...])
 6 SYSTEMPATH\CodeIgniter.php(934): App\Controllers\ProductController->modificar()
 7 SYSTEMPATH\CodeIgniter.php(499): CodeIgniter\CodeIgniter->runController(Object(App\Controllers\ProductController))
 8 SYSTEMPATH\CodeIgniter.php(368): CodeIgniter\CodeIgniter->handleRequest(null, Object(Config\Cache), false)
 9 FCPATH\index.php(67): CodeIgniter\CodeIgniter->run()
CRITICAL - 2023-06-01 03:12:08 --> Undefined variable $datos
in APPPATH\Views\editar_producto.php on line 11.
 1 APPPATH\Views\editar_producto.php(11): CodeIgniter\Debug\Exceptions->errorHandler(2, 'Undefined variable $datos', 'C:\\xampp\\htdocs\\Yunes\\app\\Views\\editar_producto.php', 11)
 2 SYSTEMPATH\View\View.php(213): include('C:\\xampp\\htdocs\\Yunes\\app\\Views\\editar_producto.php')
 3 SYSTEMPATH\View\View.php(216): CodeIgniter\View\View->CodeIgniter\View\{closure}()
 4 SYSTEMPATH\Common.php(1184): CodeIgniter\View\View->render('editar_producto', [], true)
 5 APPPATH\Controllers\ProductController.php(86): view('editar_producto', [...])
 6 SYSTEMPATH\CodeIgniter.php(934): App\Controllers\ProductController->modificar()
 7 SYSTEMPATH\CodeIgniter.php(499): CodeIgniter\CodeIgniter->runController(Object(App\Controllers\ProductController))
 8 SYSTEMPATH\CodeIgniter.php(368): CodeIgniter\CodeIgniter->handleRequest(null, Object(Config\Cache), false)
 9 FCPATH\index.php(67): CodeIgniter\CodeIgniter->run()
CRITICAL - 2023-06-01 03:12:17 --> Undefined variable $datos
in APPPATH\Views\editar_producto.php on line 11.
 1 APPPATH\Views\editar_producto.php(11): CodeIgniter\Debug\Exceptions->errorHandler(2, 'Undefined variable $datos', 'C:\\xampp\\htdocs\\Yunes\\app\\Views\\editar_producto.php', 11)
 2 SYSTEMPATH\View\View.php(213): include('C:\\xampp\\htdocs\\Yunes\\app\\Views\\editar_producto.php')
 3 SYSTEMPATH\View\View.php(216): CodeIgniter\View\View->CodeIgniter\View\{closure}()
 4 SYSTEMPATH\Common.php(1184): CodeIgniter\View\View->render('editar_producto', [], true)
 5 APPPATH\Controllers\ProductController.php(86): view('editar_producto', [...])
 6 SYSTEMPATH\CodeIgniter.php(934): App\Controllers\ProductController->modificar()
 7 SYSTEMPATH\CodeIgniter.php(499): CodeIgniter\CodeIgniter->runController(Object(App\Controllers\ProductController))
 8 SYSTEMPATH\CodeIgniter.php(368): CodeIgniter\CodeIgniter->handleRequest(null, Object(Config\Cache), false)
 9 FCPATH\index.php(67): CodeIgniter\CodeIgniter->run()
CRITICAL - 2023-06-01 03:12:50 --> Undefined variable $datos
in APPPATH\Views\editar_producto.php on line 12.
 1 APPPATH\Views\editar_producto.php(12): CodeIgniter\Debug\Exceptions->errorHandler(2, 'Undefined variable $datos', 'C:\\xampp\\htdocs\\Yunes\\app\\Views\\editar_producto.php', 12)
 2 SYSTEMPATH\View\View.php(213): include('C:\\xampp\\htdocs\\Yunes\\app\\Views\\editar_producto.php')
 3 SYSTEMPATH\View\View.php(216): CodeIgniter\View\View->CodeIgniter\View\{closure}()
 4 SYSTEMPATH\Common.php(1184): CodeIgniter\View\View->render('editar_producto', [], true)
 5 APPPATH\Controllers\ProductController.php(86): view('editar_producto', [...])
 6 SYSTEMPATH\CodeIgniter.php(934): App\Controllers\ProductController->modificar()
 7 SYSTEMPATH\CodeIgniter.php(499): CodeIgniter\CodeIgniter->runController(Object(App\Controllers\ProductController))
 8 SYSTEMPATH\CodeIgniter.php(368): CodeIgniter\CodeIgniter->handleRequest(null, Object(Config\Cache), false)
 9 FCPATH\index.php(67): CodeIgniter\CodeIgniter->run()
CRITICAL - 2023-06-01 03:14:23 --> Undefined variable $datos
in APPPATH\Views\editar_producto.php on line 12.
 1 APPPATH\Views\editar_producto.php(12): CodeIgniter\Debug\Exceptions->errorHandler(2, 'Undefined variable $datos', 'C:\\xampp\\htdocs\\Yunes\\app\\Views\\editar_producto.php', 12)
 2 SYSTEMPATH\View\View.php(213): include('C:\\xampp\\htdocs\\Yunes\\app\\Views\\editar_producto.php')
 3 SYSTEMPATH\View\View.php(216): CodeIgniter\View\View->CodeIgniter\View\{closure}()
 4 SYSTEMPATH\Common.php(1184): CodeIgniter\View\View->render('editar_producto', [], true)
 5 APPPATH\Controllers\ProductController.php(86): view('editar_producto', [...])
 6 SYSTEMPATH\CodeIgniter.php(934): App\Controllers\ProductController->modificar('7')
 7 SYSTEMPATH\CodeIgniter.php(499): CodeIgniter\CodeIgniter->runController(Object(App\Controllers\ProductController))
 8 SYSTEMPATH\CodeIgniter.php(368): CodeIgniter\CodeIgniter->handleRequest(null, Object(Config\Cache), false)
 9 FCPATH\index.php(67): CodeIgniter\CodeIgniter->run()
CRITICAL - 2023-06-01 03:14:48 --> Undefined variable $id
in APPPATH\Views\editar_producto.php on line 12.
 1 APPPATH\Views\editar_producto.php(12): CodeIgniter\Debug\Exceptions->errorHandler(2, 'Undefined variable $id', 'C:\\xampp\\htdocs\\Yunes\\app\\Views\\editar_producto.php', 12)
 2 SYSTEMPATH\View\View.php(213): include('C:\\xampp\\htdocs\\Yunes\\app\\Views\\editar_producto.php')
 3 SYSTEMPATH\View\View.php(216): CodeIgniter\View\View->CodeIgniter\View\{closure}()
 4 SYSTEMPATH\Common.php(1184): CodeIgniter\View\View->render('editar_producto', [], true)
 5 APPPATH\Controllers\ProductController.php(86): view('editar_producto', [...])
 6 SYSTEMPATH\CodeIgniter.php(934): App\Controllers\ProductController->modificar('7')
 7 SYSTEMPATH\CodeIgniter.php(499): CodeIgniter\CodeIgniter->runController(Object(App\Controllers\ProductController))
 8 SYSTEMPATH\CodeIgniter.php(368): CodeIgniter\CodeIgniter->handleRequest(null, Object(Config\Cache), false)
 9 FCPATH\index.php(67): CodeIgniter\CodeIgniter->run()
CRITICAL - 2023-06-01 03:14:52 --> Undefined variable $datos
in APPPATH\Views\editar_producto.php on line 12.
 1 APPPATH\Views\editar_producto.php(12): CodeIgniter\Debug\Exceptions->errorHandler(2, 'Undefined variable $datos', 'C:\\xampp\\htdocs\\Yunes\\app\\Views\\editar_producto.php', 12)
 2 SYSTEMPATH\View\View.php(213): include('C:\\xampp\\htdocs\\Yunes\\app\\Views\\editar_producto.php')
 3 SYSTEMPATH\View\View.php(216): CodeIgniter\View\View->CodeIgniter\View\{closure}()
 4 SYSTEMPATH\Common.php(1184): CodeIgniter\View\View->render('editar_producto', [], true)
 5 APPPATH\Controllers\ProductController.php(86): view('editar_producto', [...])
 6 SYSTEMPATH\CodeIgniter.php(934): App\Controllers\ProductController->modificar('7')
 7 SYSTEMPATH\CodeIgniter.php(499): CodeIgniter\CodeIgniter->runController(Object(App\Controllers\ProductController))
 8 SYSTEMPATH\CodeIgniter.php(368): CodeIgniter\CodeIgniter->handleRequest(null, Object(Config\Cache), false)
 9 FCPATH\index.php(67): CodeIgniter\CodeIgniter->run()
CRITICAL - 2023-06-01 03:15:03 --> Undefined variable $datos
in APPPATH\Views\editar_producto.php on line 12.
 1 APPPATH\Views\editar_producto.php(12): CodeIgniter\Debug\Exceptions->errorHandler(2, 'Undefined variable $datos', 'C:\\xampp\\htdocs\\Yunes\\app\\Views\\editar_producto.php', 12)
 2 SYSTEMPATH\View\View.php(213): include('C:\\xampp\\htdocs\\Yunes\\app\\Views\\editar_producto.php')
 3 SYSTEMPATH\View\View.php(216): CodeIgniter\View\View->CodeIgniter\View\{closure}()
 4 SYSTEMPATH\Common.php(1184): CodeIgniter\View\View->render('editar_producto', [], true)
 5 APPPATH\Controllers\ProductController.php(86): view('editar_producto', [...])
 6 SYSTEMPATH\CodeIgniter.php(934): App\Controllers\ProductController->modificar('7')
 7 SYSTEMPATH\CodeIgniter.php(499): CodeIgniter\CodeIgniter->runController(Object(App\Controllers\ProductController))
 8 SYSTEMPATH\CodeIgniter.php(368): CodeIgniter\CodeIgniter->handleRequest(null, Object(Config\Cache), false)
 9 FCPATH\index.php(67): CodeIgniter\CodeIgniter->run()
CRITICAL - 2023-06-01 03:20:15 --> Undefined variable $datos
in APPPATH\Views\editar_producto.php on line 13.
 1 APPPATH\Views\editar_producto.php(13): CodeIgniter\Debug\Exceptions->errorHandler(2, 'Undefined variable $datos', 'C:\\xampp\\htdocs\\Yunes\\app\\Views\\editar_producto.php', 13)
 2 SYSTEMPATH\View\View.php(213): include('C:\\xampp\\htdocs\\Yunes\\app\\Views\\editar_producto.php')
 3 SYSTEMPATH\View\View.php(216): CodeIgniter\View\View->CodeIgniter\View\{closure}()
 4 SYSTEMPATH\Common.php(1184): CodeIgniter\View\View->render('editar_producto', [], true)
 5 APPPATH\Controllers\ProductController.php(65): view('editar_producto', [...])
 6 SYSTEMPATH\CodeIgniter.php(934): App\Controllers\ProductController->modificar('5')
 7 SYSTEMPATH\CodeIgniter.php(499): CodeIgniter\CodeIgniter->runController(Object(App\Controllers\ProductController))
 8 SYSTEMPATH\CodeIgniter.php(368): CodeIgniter\CodeIgniter->handleRequest(null, Object(Config\Cache), false)
 9 FCPATH\index.php(67): CodeIgniter\CodeIgniter->run()
