CRITICAL - 2023-06-07 01:16:59 --> Undefined constant "nombre_producto"
in APPPATH\Views\editar_producto.php on line 20.
 1 SYSTEMPATH\View\View.php(213): include()
 2 SYSTEMPATH\View\View.php(216): CodeIgniter\View\View->CodeIgniter\View\{closure}()
 3 SYSTEMPATH\Common.php(1184): CodeIgniter\View\View->render('editar_producto', [], true)
 4 APPPATH\Controllers\ProductController.php(65): view('editar_producto', [...])
 5 SYSTEMPATH\CodeIgniter.php(934): App\Controllers\ProductController->modificar('5')
 6 SYSTEMPATH\CodeIgniter.php(499): CodeIgniter\CodeIgniter->runController(Object(App\Controllers\ProductController))
 7 SYSTEMPATH\CodeIgniter.php(368): CodeIgniter\CodeIgniter->handleRequest(null, Object(Config\Cache), false)
 8 FCPATH\index.php(67): CodeIgniter\CodeIgniter->run()
CRITICAL - 2023-06-07 01:17:18 --> Undefined constant "nombre_producto"
in APPPATH\Views\editar_producto.php on line 20.
 1 SYSTEMPATH\View\View.php(213): include()
 2 SYSTEMPATH\View\View.php(216): CodeIgniter\View\View->CodeIgniter\View\{closure}()
 3 SYSTEMPATH\Common.php(1184): CodeIgniter\View\View->render('editar_producto', [], true)
 4 APPPATH\Controllers\ProductController.php(65): view('editar_producto', [...])
 5 SYSTEMPATH\CodeIgniter.php(934): App\Controllers\ProductController->modificar('5')
 6 SYSTEMPATH\CodeIgniter.php(499): CodeIgniter\CodeIgniter->runController(Object(App\Controllers\ProductController))
 7 SYSTEMPATH\CodeIgniter.php(368): CodeIgniter\CodeIgniter->handleRequest(null, Object(Config\Cache), false)
 8 FCPATH\index.php(67): CodeIgniter\CodeIgniter->run()
CRITICAL - 2023-06-07 01:17:18 --> Undefined constant "nombre_producto"
in APPPATH\Views\editar_producto.php on line 20.
 1 SYSTEMPATH\View\View.php(213): include()
 2 SYSTEMPATH\View\View.php(216): CodeIgniter\View\View->CodeIgniter\View\{closure}()
 3 SYSTEMPATH\Common.php(1184): CodeIgniter\View\View->render('editar_producto', [], true)
 4 APPPATH\Controllers\ProductController.php(65): view('editar_producto', [...])
 5 SYSTEMPATH\CodeIgniter.php(934): App\Controllers\ProductController->modificar('5')
 6 SYSTEMPATH\CodeIgniter.php(499): CodeIgniter\CodeIgniter->runController(Object(App\Controllers\ProductController))
 7 SYSTEMPATH\CodeIgniter.php(368): CodeIgniter\CodeIgniter->handleRequest(null, Object(Config\Cache), false)
 8 FCPATH\index.php(67): CodeIgniter\CodeIgniter->run()
CRITICAL - 2023-06-07 01:17:19 --> Undefined constant "nombre_producto"
in APPPATH\Views\editar_producto.php on line 20.
 1 SYSTEMPATH\View\View.php(213): include()
 2 SYSTEMPATH\View\View.php(216): CodeIgniter\View\View->CodeIgniter\View\{closure}()
 3 SYSTEMPATH\Common.php(1184): CodeIgniter\View\View->render('editar_producto', [], true)
 4 APPPATH\Controllers\ProductController.php(65): view('editar_producto', [...])
 5 SYSTEMPATH\CodeIgniter.php(934): App\Controllers\ProductController->modificar('5')
 6 SYSTEMPATH\CodeIgniter.php(499): CodeIgniter\CodeIgniter->runController(Object(App\Controllers\ProductController))
 7 SYSTEMPATH\CodeIgniter.php(368): CodeIgniter\CodeIgniter->handleRequest(null, Object(Config\Cache), false)
 8 FCPATH\index.php(67): CodeIgniter\CodeIgniter->run()
CRITICAL - 2023-06-07 01:17:56 --> Array to string conversion
in APPPATH\Views\editar_producto.php on line 20.
 1 APPPATH\Views\editar_producto.php(20): CodeIgniter\Debug\Exceptions->errorHandler(2, 'Array to string conversion', 'C:\\xampp\\htdocs\\Yunes\\app\\Views\\editar_producto.php', 20)
 2 SYSTEMPATH\View\View.php(213): include('C:\\xampp\\htdocs\\Yunes\\app\\Views\\editar_producto.php')
 3 SYSTEMPATH\View\View.php(216): CodeIgniter\View\View->CodeIgniter\View\{closure}()
 4 SYSTEMPATH\Common.php(1184): CodeIgniter\View\View->render('editar_producto', [], true)
 5 APPPATH\Controllers\ProductController.php(65): view('editar_producto', [...])
 6 SYSTEMPATH\CodeIgniter.php(934): App\Controllers\ProductController->modificar('5')
 7 SYSTEMPATH\CodeIgniter.php(499): CodeIgniter\CodeIgniter->runController(Object(App\Controllers\ProductController))
 8 SYSTEMPATH\CodeIgniter.php(368): CodeIgniter\CodeIgniter->handleRequest(null, Object(Config\Cache), false)
 9 FCPATH\index.php(67): CodeIgniter\CodeIgniter->run()
CRITICAL - 2023-06-07 01:18:51 --> Array to string conversion
in APPPATH\Views\editar_producto.php on line 20.
 1 APPPATH\Views\editar_producto.php(20): CodeIgniter\Debug\Exceptions->errorHandler(2, 'Array to string conversion', 'C:\\xampp\\htdocs\\Yunes\\app\\Views\\editar_producto.php', 20)
 2 SYSTEMPATH\View\View.php(213): include('C:\\xampp\\htdocs\\Yunes\\app\\Views\\editar_producto.php')
 3 SYSTEMPATH\View\View.php(216): CodeIgniter\View\View->CodeIgniter\View\{closure}()
 4 SYSTEMPATH\Common.php(1184): CodeIgniter\View\View->render('editar_producto', [], true)
 5 APPPATH\Controllers\ProductController.php(65): view('editar_producto', [...])
 6 SYSTEMPATH\CodeIgniter.php(934): App\Controllers\ProductController->modificar('6')
 7 SYSTEMPATH\CodeIgniter.php(499): CodeIgniter\CodeIgniter->runController(Object(App\Controllers\ProductController))
 8 SYSTEMPATH\CodeIgniter.php(368): CodeIgniter\CodeIgniter->handleRequest(null, Object(Config\Cache), false)
 9 FCPATH\index.php(67): CodeIgniter\CodeIgniter->run()
CRITICAL - 2023-06-07 01:19:14 --> Array to string conversion
in APPPATH\Views\editar_producto.php on line 20.
 1 APPPATH\Views\editar_producto.php(20): CodeIgniter\Debug\Exceptions->errorHandler(2, 'Array to string conversion', 'C:\\xampp\\htdocs\\Yunes\\app\\Views\\editar_producto.php', 20)
 2 SYSTEMPATH\View\View.php(213): include('C:\\xampp\\htdocs\\Yunes\\app\\Views\\editar_producto.php')
 3 SYSTEMPATH\View\View.php(216): CodeIgniter\View\View->CodeIgniter\View\{closure}()
 4 SYSTEMPATH\Common.php(1184): CodeIgniter\View\View->render('editar_producto', [], true)
 5 APPPATH\Controllers\ProductController.php(65): view('editar_producto', [...])
 6 SYSTEMPATH\CodeIgniter.php(934): App\Controllers\ProductController->modificar('6')
 7 SYSTEMPATH\CodeIgniter.php(499): CodeIgniter\CodeIgniter->runController(Object(App\Controllers\ProductController))
 8 SYSTEMPATH\CodeIgniter.php(368): CodeIgniter\CodeIgniter->handleRequest(null, Object(Config\Cache), false)
 9 FCPATH\index.php(67): CodeIgniter\CodeIgniter->run()
CRITICAL - 2023-06-07 01:20:12 --> Array to string conversion
in APPPATH\Views\editar_producto.php on line 20.
 1 APPPATH\Views\editar_producto.php(20): CodeIgniter\Debug\Exceptions->errorHandler(2, 'Array to string conversion', 'C:\\xampp\\htdocs\\Yunes\\app\\Views\\editar_producto.php', 20)
 2 SYSTEMPATH\View\View.php(213): include('C:\\xampp\\htdocs\\Yunes\\app\\Views\\editar_producto.php')
 3 SYSTEMPATH\View\View.php(216): CodeIgniter\View\View->CodeIgniter\View\{closure}()
 4 SYSTEMPATH\Common.php(1184): CodeIgniter\View\View->render('editar_producto', [], true)
 5 APPPATH\Controllers\ProductController.php(65): view('editar_producto', [...])
 6 SYSTEMPATH\CodeIgniter.php(934): App\Controllers\ProductController->modificar('6')
 7 SYSTEMPATH\CodeIgniter.php(499): CodeIgniter\CodeIgniter->runController(Object(App\Controllers\ProductController))
 8 SYSTEMPATH\CodeIgniter.php(368): CodeIgniter\CodeIgniter->handleRequest(null, Object(Config\Cache), false)
 9 FCPATH\index.php(67): CodeIgniter\CodeIgniter->run()
CRITICAL - 2023-06-07 01:20:55 --> Array to string conversion
in APPPATH\Views\editar_producto.php on line 20.
 1 APPPATH\Views\editar_producto.php(20): CodeIgniter\Debug\Exceptions->errorHandler(2, 'Array to string conversion', 'C:\\xampp\\htdocs\\Yunes\\app\\Views\\editar_producto.php', 20)
 2 SYSTEMPATH\View\View.php(213): include('C:\\xampp\\htdocs\\Yunes\\app\\Views\\editar_producto.php')
 3 SYSTEMPATH\View\View.php(216): CodeIgniter\View\View->CodeIgniter\View\{closure}()
 4 SYSTEMPATH\Common.php(1184): CodeIgniter\View\View->render('editar_producto', [], true)
 5 APPPATH\Controllers\ProductController.php(65): view('editar_producto', [...])
 6 SYSTEMPATH\CodeIgniter.php(934): App\Controllers\ProductController->modificar('6')
 7 SYSTEMPATH\CodeIgniter.php(499): CodeIgniter\CodeIgniter->runController(Object(App\Controllers\ProductController))
 8 SYSTEMPATH\CodeIgniter.php(368): CodeIgniter\CodeIgniter->handleRequest(null, Object(Config\Cache), false)
 9 FCPATH\index.php(67): CodeIgniter\CodeIgniter->run()
CRITICAL - 2023-06-07 01:20:56 --> Array to string conversion
in APPPATH\Views\editar_producto.php on line 20.
 1 APPPATH\Views\editar_producto.php(20): CodeIgniter\Debug\Exceptions->errorHandler(2, 'Array to string conversion', 'C:\\xampp\\htdocs\\Yunes\\app\\Views\\editar_producto.php', 20)
 2 SYSTEMPATH\View\View.php(213): include('C:\\xampp\\htdocs\\Yunes\\app\\Views\\editar_producto.php')
 3 SYSTEMPATH\View\View.php(216): CodeIgniter\View\View->CodeIgniter\View\{closure}()
 4 SYSTEMPATH\Common.php(1184): CodeIgniter\View\View->render('editar_producto', [], true)
 5 APPPATH\Controllers\ProductController.php(65): view('editar_producto', [...])
 6 SYSTEMPATH\CodeIgniter.php(934): App\Controllers\ProductController->modificar('6')
 7 SYSTEMPATH\CodeIgniter.php(499): CodeIgniter\CodeIgniter->runController(Object(App\Controllers\ProductController))
 8 SYSTEMPATH\CodeIgniter.php(368): CodeIgniter\CodeIgniter->handleRequest(null, Object(Config\Cache), false)
 9 FCPATH\index.php(67): CodeIgniter\CodeIgniter->run()
CRITICAL - 2023-06-07 01:20:56 --> Array to string conversion
in APPPATH\Views\editar_producto.php on line 20.
 1 APPPATH\Views\editar_producto.php(20): CodeIgniter\Debug\Exceptions->errorHandler(2, 'Array to string conversion', 'C:\\xampp\\htdocs\\Yunes\\app\\Views\\editar_producto.php', 20)
 2 SYSTEMPATH\View\View.php(213): include('C:\\xampp\\htdocs\\Yunes\\app\\Views\\editar_producto.php')
 3 SYSTEMPATH\View\View.php(216): CodeIgniter\View\View->CodeIgniter\View\{closure}()
 4 SYSTEMPATH\Common.php(1184): CodeIgniter\View\View->render('editar_producto', [], true)
 5 APPPATH\Controllers\ProductController.php(65): view('editar_producto', [...])
 6 SYSTEMPATH\CodeIgniter.php(934): App\Controllers\ProductController->modificar('6')
 7 SYSTEMPATH\CodeIgniter.php(499): CodeIgniter\CodeIgniter->runController(Object(App\Controllers\ProductController))
 8 SYSTEMPATH\CodeIgniter.php(368): CodeIgniter\CodeIgniter->handleRequest(null, Object(Config\Cache), false)
 9 FCPATH\index.php(67): CodeIgniter\CodeIgniter->run()
CRITICAL - 2023-06-07 01:21:18 --> Array to string conversion
in APPPATH\Views\editar_producto.php on line 20.
 1 APPPATH\Views\editar_producto.php(20): CodeIgniter\Debug\Exceptions->errorHandler(2, 'Array to string conversion', 'C:\\xampp\\htdocs\\Yunes\\app\\Views\\editar_producto.php', 20)
 2 SYSTEMPATH\View\View.php(213): include('C:\\xampp\\htdocs\\Yunes\\app\\Views\\editar_producto.php')
 3 SYSTEMPATH\View\View.php(216): CodeIgniter\View\View->CodeIgniter\View\{closure}()
 4 SYSTEMPATH\Common.php(1184): CodeIgniter\View\View->render('editar_producto', [], true)
 5 APPPATH\Controllers\ProductController.php(65): view('editar_producto', [...])
 6 SYSTEMPATH\CodeIgniter.php(934): App\Controllers\ProductController->modificar('6')
 7 SYSTEMPATH\CodeIgniter.php(499): CodeIgniter\CodeIgniter->runController(Object(App\Controllers\ProductController))
 8 SYSTEMPATH\CodeIgniter.php(368): CodeIgniter\CodeIgniter->handleRequest(null, Object(Config\Cache), false)
 9 FCPATH\index.php(67): CodeIgniter\CodeIgniter->run()
CRITICAL - 2023-06-07 01:21:21 --> Array to string conversion
in APPPATH\Views\editar_producto.php on line 20.
 1 APPPATH\Views\editar_producto.php(20): CodeIgniter\Debug\Exceptions->errorHandler(2, 'Array to string conversion', 'C:\\xampp\\htdocs\\Yunes\\app\\Views\\editar_producto.php', 20)
 2 SYSTEMPATH\View\View.php(213): include('C:\\xampp\\htdocs\\Yunes\\app\\Views\\editar_producto.php')
 3 SYSTEMPATH\View\View.php(216): CodeIgniter\View\View->CodeIgniter\View\{closure}()
 4 SYSTEMPATH\Common.php(1184): CodeIgniter\View\View->render('editar_producto', [], true)
 5 APPPATH\Controllers\ProductController.php(65): view('editar_producto', [...])
 6 SYSTEMPATH\CodeIgniter.php(934): App\Controllers\ProductController->modificar('6')
 7 SYSTEMPATH\CodeIgniter.php(499): CodeIgniter\CodeIgniter->runController(Object(App\Controllers\ProductController))
 8 SYSTEMPATH\CodeIgniter.php(368): CodeIgniter\CodeIgniter->handleRequest(null, Object(Config\Cache), false)
 9 FCPATH\index.php(67): CodeIgniter\CodeIgniter->run()
CRITICAL - 2023-06-07 01:21:24 --> Array to string conversion
in APPPATH\Views\editar_producto.php on line 20.
 1 APPPATH\Views\editar_producto.php(20): CodeIgniter\Debug\Exceptions->errorHandler(2, 'Array to string conversion', 'C:\\xampp\\htdocs\\Yunes\\app\\Views\\editar_producto.php', 20)
 2 SYSTEMPATH\View\View.php(213): include('C:\\xampp\\htdocs\\Yunes\\app\\Views\\editar_producto.php')
 3 SYSTEMPATH\View\View.php(216): CodeIgniter\View\View->CodeIgniter\View\{closure}()
 4 SYSTEMPATH\Common.php(1184): CodeIgniter\View\View->render('editar_producto', [], true)
 5 APPPATH\Controllers\ProductController.php(65): view('editar_producto', [...])
 6 SYSTEMPATH\CodeIgniter.php(934): App\Controllers\ProductController->modificar('7')
 7 SYSTEMPATH\CodeIgniter.php(499): CodeIgniter\CodeIgniter->runController(Object(App\Controllers\ProductController))
 8 SYSTEMPATH\CodeIgniter.php(368): CodeIgniter\CodeIgniter->handleRequest(null, Object(Config\Cache), false)
 9 FCPATH\index.php(67): CodeIgniter\CodeIgniter->run()
CRITICAL - 2023-06-07 01:21:52 --> Array to string conversion
in APPPATH\Views\editar_producto.php on line 20.
 1 APPPATH\Views\editar_producto.php(20): CodeIgniter\Debug\Exceptions->errorHandler(2, 'Array to string conversion', 'C:\\xampp\\htdocs\\Yunes\\app\\Views\\editar_producto.php', 20)
 2 SYSTEMPATH\View\View.php(213): include('C:\\xampp\\htdocs\\Yunes\\app\\Views\\editar_producto.php')
 3 SYSTEMPATH\View\View.php(216): CodeIgniter\View\View->CodeIgniter\View\{closure}()
 4 SYSTEMPATH\Common.php(1184): CodeIgniter\View\View->render('editar_producto', [], true)
 5 APPPATH\Controllers\ProductController.php(65): view('editar_producto', [...])
 6 SYSTEMPATH\CodeIgniter.php(934): App\Controllers\ProductController->modificar('7')
 7 SYSTEMPATH\CodeIgniter.php(499): CodeIgniter\CodeIgniter->runController(Object(App\Controllers\ProductController))
 8 SYSTEMPATH\CodeIgniter.php(368): CodeIgniter\CodeIgniter->handleRequest(null, Object(Config\Cache), false)
 9 FCPATH\index.php(67): CodeIgniter\CodeIgniter->run()
CRITICAL - 2023-06-07 01:23:20 --> Array to string conversion
in APPPATH\Views\editar_producto.php on line 20.
 1 APPPATH\Views\editar_producto.php(20): CodeIgniter\Debug\Exceptions->errorHandler(2, 'Array to string conversion', 'C:\\xampp\\htdocs\\Yunes\\app\\Views\\editar_producto.php', 20)
 2 SYSTEMPATH\View\View.php(213): include('C:\\xampp\\htdocs\\Yunes\\app\\Views\\editar_producto.php')
 3 SYSTEMPATH\View\View.php(216): CodeIgniter\View\View->CodeIgniter\View\{closure}()
 4 SYSTEMPATH\Common.php(1184): CodeIgniter\View\View->render('editar_producto', [], true)
 5 APPPATH\Controllers\ProductController.php(65): view('editar_producto', [...])
 6 SYSTEMPATH\CodeIgniter.php(934): App\Controllers\ProductController->modificar('7')
 7 SYSTEMPATH\CodeIgniter.php(499): CodeIgniter\CodeIgniter->runController(Object(App\Controllers\ProductController))
 8 SYSTEMPATH\CodeIgniter.php(368): CodeIgniter\CodeIgniter->handleRequest(null, Object(Config\Cache), false)
 9 FCPATH\index.php(67): CodeIgniter\CodeIgniter->run()
CRITICAL - 2023-06-07 01:23:20 --> Array to string conversion
in APPPATH\Views\editar_producto.php on line 20.
 1 APPPATH\Views\editar_producto.php(20): CodeIgniter\Debug\Exceptions->errorHandler(2, 'Array to string conversion', 'C:\\xampp\\htdocs\\Yunes\\app\\Views\\editar_producto.php', 20)
 2 SYSTEMPATH\View\View.php(213): include('C:\\xampp\\htdocs\\Yunes\\app\\Views\\editar_producto.php')
 3 SYSTEMPATH\View\View.php(216): CodeIgniter\View\View->CodeIgniter\View\{closure}()
 4 SYSTEMPATH\Common.php(1184): CodeIgniter\View\View->render('editar_producto', [], true)
 5 APPPATH\Controllers\ProductController.php(65): view('editar_producto', [...])
 6 SYSTEMPATH\CodeIgniter.php(934): App\Controllers\ProductController->modificar('7')
 7 SYSTEMPATH\CodeIgniter.php(499): CodeIgniter\CodeIgniter->runController(Object(App\Controllers\ProductController))
 8 SYSTEMPATH\CodeIgniter.php(368): CodeIgniter\CodeIgniter->handleRequest(null, Object(Config\Cache), false)
 9 FCPATH\index.php(67): CodeIgniter\CodeIgniter->run()
CRITICAL - 2023-06-07 01:39:28 --> Trying to access array offset on value of type null
in APPPATH\Controllers\UserController.php on line 68.
 1 APPPATH\Controllers\UserController.php(68): CodeIgniter\Debug\Exceptions->errorHandler(2, 'Trying to access array offset on value of type null', 'C:\\xampp\\htdocs\\Yunes\\app\\Controllers\\UserController.php', 68)
 2 SYSTEMPATH\CodeIgniter.php(934): App\Controllers\UserController->login()
 3 SYSTEMPATH\CodeIgniter.php(499): CodeIgniter\CodeIgniter->runController(Object(App\Controllers\UserController))
 4 SYSTEMPATH\CodeIgniter.php(368): CodeIgniter\CodeIgniter->handleRequest(null, Object(Config\Cache), false)
 5 FCPATH\index.php(67): CodeIgniter\CodeIgniter->run()
CRITICAL - 2023-06-07 01:39:37 --> Trying to access array offset on value of type null
in APPPATH\Controllers\UserController.php on line 68.
 1 APPPATH\Controllers\UserController.php(68): CodeIgniter\Debug\Exceptions->errorHandler(2, 'Trying to access array offset on value of type null', 'C:\\xampp\\htdocs\\Yunes\\app\\Controllers\\UserController.php', 68)
 2 SYSTEMPATH\CodeIgniter.php(934): App\Controllers\UserController->login()
 3 SYSTEMPATH\CodeIgniter.php(499): CodeIgniter\CodeIgniter->runController(Object(App\Controllers\UserController))
 4 SYSTEMPATH\CodeIgniter.php(368): CodeIgniter\CodeIgniter->handleRequest(null, Object(Config\Cache), false)
 5 FCPATH\index.php(67): CodeIgniter\CodeIgniter->run()
CRITICAL - 2023-06-07 01:44:15 --> Trying to access array offset on value of type null
in APPPATH\Controllers\UserController.php on line 68.
 1 APPPATH\Controllers\UserController.php(68): CodeIgniter\Debug\Exceptions->errorHandler(2, 'Trying to access array offset on value of type null', 'C:\\xampp\\htdocs\\Yunes\\app\\Controllers\\UserController.php', 68)
 2 SYSTEMPATH\CodeIgniter.php(934): App\Controllers\UserController->login()
 3 SYSTEMPATH\CodeIgniter.php(499): CodeIgniter\CodeIgniter->runController(Object(App\Controllers\UserController))
 4 SYSTEMPATH\CodeIgniter.php(368): CodeIgniter\CodeIgniter->handleRequest(null, Object(Config\Cache), false)
 5 FCPATH\index.php(67): CodeIgniter\CodeIgniter->run()
CRITICAL - 2023-06-07 01:54:06 --> Undefined variable $session
in APPPATH\Views\navBar.php on line 30.
 1 APPPATH\Views\navBar.php(30): CodeIgniter\Debug\Exceptions->errorHandler(2, 'Undefined variable $session', 'C:\\xampp\\htdocs\\Yunes\\app\\Views\\navBar.php', 30)
 2 SYSTEMPATH\View\View.php(213): include('C:\\xampp\\htdocs\\Yunes\\app\\Views\\navBar.php')
 3 SYSTEMPATH\View\View.php(216): CodeIgniter\View\View->CodeIgniter\View\{closure}()
 4 SYSTEMPATH\Common.php(1184): CodeIgniter\View\View->render('navBar', [], true)
 5 APPPATH\Controllers\Home.php(10): view('navBar')
 6 SYSTEMPATH\CodeIgniter.php(934): App\Controllers\Home->index()
 7 SYSTEMPATH\CodeIgniter.php(499): CodeIgniter\CodeIgniter->runController(Object(App\Controllers\Home))
 8 SYSTEMPATH\CodeIgniter.php(368): CodeIgniter\CodeIgniter->handleRequest(null, Object(Config\Cache), false)
 9 FCPATH\index.php(67): CodeIgniter\CodeIgniter->run()
CRITICAL - 2023-06-07 01:54:38 --> syntax error, unexpected token "<"
in APPPATH\Views\navBar.php on line 32.
 1 SYSTEMPATH\View\View.php(216): CodeIgniter\View\View->CodeIgniter\View\{closure}()
 2 SYSTEMPATH\Common.php(1184): CodeIgniter\View\View->render('navBar', [], true)
 3 APPPATH\Controllers\Home.php(10): view('navBar')
 4 SYSTEMPATH\CodeIgniter.php(934): App\Controllers\Home->index()
 5 SYSTEMPATH\CodeIgniter.php(499): CodeIgniter\CodeIgniter->runController(Object(App\Controllers\Home))
 6 SYSTEMPATH\CodeIgniter.php(368): CodeIgniter\CodeIgniter->handleRequest(null, Object(Config\Cache), false)
 7 FCPATH\index.php(67): CodeIgniter\CodeIgniter->run()
CRITICAL - 2023-06-07 02:07:44 --> Undefined variable $session
in APPPATH\Views\navBar.php on line 29.
 1 APPPATH\Views\navBar.php(29): CodeIgniter\Debug\Exceptions->errorHandler(2, 'Undefined variable $session', 'C:\\xampp\\htdocs\\Yunes\\app\\Views\\navBar.php', 29)
 2 SYSTEMPATH\View\View.php(213): include('C:\\xampp\\htdocs\\Yunes\\app\\Views\\navBar.php')
 3 SYSTEMPATH\View\View.php(216): CodeIgniter\View\View->CodeIgniter\View\{closure}()
 4 SYSTEMPATH\Common.php(1184): CodeIgniter\View\View->render('navBar', [], true)
 5 APPPATH\Controllers\Home.php(10): view('navBar')
 6 SYSTEMPATH\CodeIgniter.php(934): App\Controllers\Home->index()
 7 SYSTEMPATH\CodeIgniter.php(499): CodeIgniter\CodeIgniter->runController(Object(App\Controllers\Home))
 8 SYSTEMPATH\CodeIgniter.php(368): CodeIgniter\CodeIgniter->handleRequest(null, Object(Config\Cache), false)
 9 FCPATH\index.php(67): CodeIgniter\CodeIgniter->run()
CRITICAL - 2023-06-07 02:08:00 --> Undefined constant "session"
in APPPATH\Views\navBar.php on line 29.
 1 SYSTEMPATH\View\View.php(213): include()
 2 SYSTEMPATH\View\View.php(216): CodeIgniter\View\View->CodeIgniter\View\{closure}()
 3 SYSTEMPATH\Common.php(1184): CodeIgniter\View\View->render('navBar', [], true)
 4 APPPATH\Controllers\Home.php(10): view('navBar')
 5 SYSTEMPATH\CodeIgniter.php(934): App\Controllers\Home->index()
 6 SYSTEMPATH\CodeIgniter.php(499): CodeIgniter\CodeIgniter->runController(Object(App\Controllers\Home))
 7 SYSTEMPATH\CodeIgniter.php(368): CodeIgniter\CodeIgniter->handleRequest(null, Object(Config\Cache), false)
 8 FCPATH\index.php(67): CodeIgniter\CodeIgniter->run()
